<?xml version="1.0" encoding="UTF-8"?>
<testsuite xmlns:xsi="http://www.w3.org/2001/XMLSchema-instance" xsi:noNamespaceSchemaLocation="https://maven.apache.org/surefire/maven-surefire-plugin/xsd/surefire-test-report-3.0.xsd" version="3.0" name="framework.page.TestRunner" time="13.496" tests="4" errors="0" skipped="0" failures="0">
  <properties>
[...]
</properties>
  <testcase name="Успешное добавление новых строк в БД - сценарий 1" classname="Добавление в бд" time="1.03">
    <system-out><![CDATA[
@DB
РЎС†РµРЅР°СЂРёР№: РЈСЃРїРµС€РЅРѕРµ РґРѕР±Р°РІР»РµРЅРёРµ РЅРѕРІС‹С… СЃС‚СЂРѕРє РІ Р‘Р” - СЃС†РµРЅР°СЂРёР№ 1 &amp#27;[90m# src/test/resources/features/dbtest.feature:7&amp#27;[0m
  &amp#27;[32m* &amp#27;[0m&amp#27;[32mРџРѕР»СѓС‡РµРЅРЅР° Р±Рґ&amp#27;[0m                                            &amp#27;[90m# framework.steps.stepbd.hehe()&amp#27;[0m
  &amp#27;[32m* &amp#27;[0m&amp#27;[32mРґРѕР±Р°РІРёС‚СЊ "&amp#27;[0m&amp#27;[32m&amp#27;[1mРњР°РЅРґР°СЂРёРЅ&amp#27;[0m&amp#27;[32m", &amp#27;[0m&amp#27;[32m&amp#27;[1mFRUIT&amp#27;[0m&amp#27;[32m, &amp#27;[0m&amp#27;[32m&amp#27;[1mtrue&amp#27;[0m                        &amp#27;[90m# framework.steps.stepbd.add(java.lang.String,java.lang.String,java.lang.String)&amp#27;[0m
  &amp#27;[32m* &amp#27;[0m&amp#27;[32mРџРѕР»СѓС‡РёС‚СЊ Р‘Р” СЃ РЅРѕРІС‹РјРё С‚РѕРІР°СЂР°РјРё&amp#27;[0m                           &amp#27;[90m# framework.steps.stepbd.save()&amp#27;[0m
]]></system-out>
    <system-err><![CDATA[SLF4J: Failed to load class "org.slf4j.impl.StaticLoggerBinder".
SLF4J: Defaulting to no-operation (NOP) logger implementation
SLF4J: See http://www.slf4j.org/codes.html#StaticLoggerBinder for further details.
янв. 23, 2024 2:41:48 AM io.cucumber.junit.platform.engine.DiscoverySelectorResolver warnWhenCucumberFeaturesPropertyIsUsed
WARNING: Discovering tests using the cucumber.features property. Other discovery selectors are ignored!
Please request/upvote/sponsor/ect better support for JUnit 5 discovery selectors.
See: https://github.com/cucumber/cucumber-jvm/pull/2498
Starting ChromeDriver 120.0.6099.109 (3419140ab665596f21b385ce136419fde0924272-refs/branch-heads/6099@{#1483}) on port 22346
Only local connections are allowed.
Please see https://chromedriver.chromium.org/security-considerations for suggestions on keeping ChromeDriver safe.
ChromeDriver was started successfully.
янв. 23, 2024 2:41:51 AM org.openqa.selenium.remote.ProtocolHandshake createSession
INFO: Detected dialect: W3C
]]></system-err>
  </testcase>
  <testcase name="yspeshnoe dobavlenie tovara" classname="dobavlenie tovara" time="4.384">
    <system-out><![CDATA[
@UI
Scenario: yspeshnoe dobavlenie tovara   &amp#27;[90m# src/test/resources/features/firsttest.feature:5&amp#27;[0m
  &amp#27;[32m* &amp#27;[0m&amp#27;[32mopen page "Р“Р»Р°РІРЅР°СЏ"&amp#27;[0m                 &amp#27;[90m# framework.steps.step.open()&amp#27;[0m
  &amp#27;[32m* &amp#27;[0m&amp#27;[32melement visible &amp#27;[0m&amp#27;[32m&amp#27;[1m"Р“Р»Р°РІРЅР°СЏ"&amp#27;[0m           &amp#27;[90m# framework.steps.step.element_visible(java.lang.String)&amp#27;[0m
  &amp#27;[32m* &amp#27;[0m&amp#27;[32melement visible &amp#27;[0m&amp#27;[32m&amp#27;[1m"РџРµСЃРѕС‡РЅРёС†Р°"&amp#27;[0m         &amp#27;[90m# framework.steps.step.element_visible(java.lang.String)&amp#27;[0m
  &amp#27;[32m* &amp#27;[0m&amp#27;[32mclick on &amp#27;[0m&amp#27;[32m&amp#27;[1m"РџРµСЃРѕС‡РЅРёС†Р°"&amp#27;[0m                &amp#27;[90m# framework.steps.step.click_on(java.lang.String)&amp#27;[0m
  &amp#27;[32m* &amp#27;[0m&amp#27;[32melement visible &amp#27;[0m&amp#27;[32m&amp#27;[1m"РўРѕРІР°СЂС‹"&amp#27;[0m            &amp#27;[90m# framework.steps.step.element_visible(java.lang.String)&amp#27;[0m
  &amp#27;[32m* &amp#27;[0m&amp#27;[32mclick on &amp#27;[0m&amp#27;[32m&amp#27;[1m"РўРѕРІР°СЂС‹"&amp#27;[0m                   &amp#27;[90m# framework.steps.step.click_on(java.lang.String)&amp#27;[0m
  &amp#27;[32m* &amp#27;[0m&amp#27;[32melement visible &amp#27;[0m&amp#27;[32m&amp#27;[1m"РЎРїРёСЃРѕРє РўРѕРІР°СЂРѕРІ"&amp#27;[0m    &amp#27;[90m# framework.steps.step.element_visible(java.lang.String)&amp#27;[0m
  &amp#27;[32m* &amp#27;[0m&amp#27;[32melement visible &amp#27;[0m&amp#27;[32m&amp#27;[1m"Р”РѕР±Р°РІРёС‚СЊ"&amp#27;[0m          &amp#27;[90m# framework.steps.step.element_visible(java.lang.String)&amp#27;[0m
  &amp#27;[32m* &amp#27;[0m&amp#27;[32mclick on &amp#27;[0m&amp#27;[32m&amp#27;[1m"Р”РѕР±Р°РІРёС‚СЊ"&amp#27;[0m                 &amp#27;[90m# framework.steps.step.click_on(java.lang.String)&amp#27;[0m
  &amp#27;[32m* &amp#27;[0m&amp#27;[32melement visible &amp#27;[0m&amp#27;[32m&amp#27;[1m"Р”РѕР±Р°РІР»РµРЅРёРµ С‚РѕРІР°СЂР°"&amp#27;[0m &amp#27;[90m# framework.steps.step.element_visible(java.lang.String)&amp#27;[0m
  &amp#27;[32m* &amp#27;[0m&amp#27;[32melement visible &amp#27;[0m&amp#27;[32m&amp#27;[1m"РќР°РёРјРµРЅРѕРІР°РЅРёРµ"&amp#27;[0m      &amp#27;[90m# framework.steps.step.element_visible(java.lang.String)&amp#27;[0m
  &amp#27;[32m* &amp#27;[0m&amp#27;[32melement visible &amp#27;[0m&amp#27;[32m&amp#27;[1m"РўРёРї"&amp#27;[0m               &amp#27;[90m# framework.steps.step.element_visible(java.lang.String)&amp#27;[0m
  &amp#27;[32m* &amp#27;[0m&amp#27;[32melement visible &amp#27;[0m&amp#27;[32m&amp#27;[1m"Р§РµРєР±РѕРєСЃ"&amp#27;[0m           &amp#27;[90m# framework.steps.step.element_visible(java.lang.String)&amp#27;[0m
  &amp#27;[32m* &amp#27;[0m&amp#27;[32melement visible &amp#27;[0m&amp#27;[32m&amp#27;[1m"РЎРѕС…СЂР°РЅРёС‚СЊ"&amp#27;[0m         &amp#27;[90m# framework.steps.step.element_visible(java.lang.String)&amp#27;[0m
  &amp#27;[32m* &amp#27;[0m&amp#27;[32melement send &amp#27;[0m&amp#27;[32m&amp#27;[1m"Р¦СѓРєРёРЅРё256"&amp#27;[0m            &amp#27;[90m# framework.steps.step.sendk(java.lang.String)&amp#27;[0m
  &amp#27;[32m* &amp#27;[0m&amp#27;[32mclick on &amp#27;[0m&amp#27;[32m&amp#27;[1m"РћРІРѕС‰"&amp#27;[0m                     &amp#27;[90m# framework.steps.step.click_on(java.lang.String)&amp#27;[0m
  &amp#27;[32m* &amp#27;[0m&amp#27;[32mclick on &amp#27;[0m&amp#27;[32m&amp#27;[1m"Р§РµРєР±РѕРєСЃ"&amp#27;[0m                  &amp#27;[90m# framework.steps.step.click_on(java.lang.String)&amp#27;[0m
  &amp#27;[32m* &amp#27;[0m&amp#27;[32mclick on &amp#27;[0m&amp#27;[32m&amp#27;[1m"РЎРѕС…СЂР°РЅРёС‚СЊ"&amp#27;[0m                &amp#27;[90m# framework.steps.step.click_on(java.lang.String)&amp#27;[0m
  &amp#27;[32m* &amp#27;[0m&amp#27;[32mopen page "Р“Р»Р°РІРЅР°СЏ"&amp#27;[0m                 &amp#27;[90m# framework.steps.step.open()&amp#27;[0m
  &amp#27;[32m* &amp#27;[0m&amp#27;[32melement visible &amp#27;[0m&amp#27;[32m&amp#27;[1m"РЎРїРёСЃРѕРє РўРѕРІР°СЂРѕРІ"&amp#27;[0m    &amp#27;[90m# framework.steps.step.element_visible(java.lang.String)&amp#27;[0m
  &amp#27;[32m* &amp#27;[0m&amp#27;[32melement visible &amp#27;[0m&amp#27;[32m&amp#27;[1m"Р”РѕР±Р°РІРёС‚СЊ"&amp#27;[0m          &amp#27;[90m# framework.steps.step.element_visible(java.lang.String)&amp#27;[0m
  &amp#27;[32m* &amp#27;[0m&amp#27;[32mclick on &amp#27;[0m&amp#27;[32m&amp#27;[1m"Р”РѕР±Р°РІРёС‚СЊ"&amp#27;[0m                 &amp#27;[90m# framework.steps.step.click_on(java.lang.String)&amp#27;[0m
  &amp#27;[32m* &amp#27;[0m&amp#27;[32melement visible &amp#27;[0m&amp#27;[32m&amp#27;[1m"Р”РѕР±Р°РІР»РµРЅРёРµ С‚РѕРІР°СЂР°"&amp#27;[0m &amp#27;[90m# framework.steps.step.element_visible(java.lang.String)&amp#27;[0m
  &amp#27;[32m* &amp#27;[0m&amp#27;[32melement visible &amp#27;[0m&amp#27;[32m&amp#27;[1m"РќР°РёРјРµРЅРѕРІР°РЅРёРµ"&amp#27;[0m      &amp#27;[90m# framework.steps.step.element_visible(java.lang.String)&amp#27;[0m
  &amp#27;[32m* &amp#27;[0m&amp#27;[32melement visible &amp#27;[0m&amp#27;[32m&amp#27;[1m"РўРёРї"&amp#27;[0m               &amp#27;[90m# framework.steps.step.element_visible(java.lang.String)&amp#27;[0m
  &amp#27;[32m* &amp#27;[0m&amp#27;[32melement visible &amp#27;[0m&amp#27;[32m&amp#27;[1m"Р§РµРєР±РѕРєСЃ"&amp#27;[0m           &amp#27;[90m# framework.steps.step.element_visible(java.lang.String)&amp#27;[0m
  &amp#27;[32m* &amp#27;[0m&amp#27;[32melement visible &amp#27;[0m&amp#27;[32m&amp#27;[1m"РЎРѕС…СЂР°РЅРёС‚СЊ"&amp#27;[0m         &amp#27;[90m# framework.steps.step.element_visible(java.lang.String)&amp#27;[0m
  &amp#27;[32m* &amp#27;[0m&amp#27;[32melement send &amp#27;[0m&amp#27;[32m&amp#27;[1m"Р“СЂСѓС€Р°:СЃ"&amp#27;[0m              &amp#27;[90m# framework.steps.step.sendk(java.lang.String)&amp#27;[0m
  &amp#27;[32m* &amp#27;[0m&amp#27;[32mclick on &amp#27;[0m&amp#27;[32m&amp#27;[1m"Р¤СЂСѓРєС‚"&amp#27;[0m                    &amp#27;[90m# framework.steps.step.click_on(java.lang.String)&amp#27;[0m
  &amp#27;[32m* &amp#27;[0m&amp#27;[32mclick on &amp#27;[0m&amp#27;[32m&amp#27;[1m"Р§РµРєР±РѕРєСЃ"&amp#27;[0m                  &amp#27;[90m# framework.steps.step.click_on(java.lang.String)&amp#27;[0m
  &amp#27;[32m* &amp#27;[0m&amp#27;[32mclick on &amp#27;[0m&amp#27;[32m&amp#27;[1m"РЎРѕС…СЂР°РЅРёС‚СЊ"&amp#27;[0m                &amp#27;[90m# framework.steps.step.click_on(java.lang.String)&amp#27;[0m
  &amp#27;[32m* &amp#27;[0m&amp#27;[32mopen page "Р“Р»Р°РІРЅР°СЏ"&amp#27;[0m                 &amp#27;[90m# framework.steps.step.open()&amp#27;[0m
  &amp#27;[32m* &amp#27;[0m&amp#27;[32melement visible &amp#27;[0m&amp#27;[32m&amp#27;[1m"РџРµСЃРѕС‡РЅРёС†Р°"&amp#27;[0m         &amp#27;[90m# framework.steps.step.element_visible(java.lang.String)&amp#27;[0m
  &amp#27;[32m* &amp#27;[0m&amp#27;[32mclick on &amp#27;[0m&amp#27;[32m&amp#27;[1m"РџРµСЃРѕС‡РЅРёС†Р°"&amp#27;[0m                &amp#27;[90m# framework.steps.step.click_on(java.lang.String)&amp#27;[0m
  &amp#27;[32m* &amp#27;[0m&amp#27;[32melement visible &amp#27;[0m&amp#27;[32m&amp#27;[1m"РЎР±СЂРѕСЃРёС‚СЊ"&amp#27;[0m          &amp#27;[90m# framework.steps.step.element_visible(java.lang.String)&amp#27;[0m
]]></system-out>
  </testcase>
  <testcase name="Example #1.1" classname="Примеры" time="4.657">
    <system-out><![CDATA[
@API
РЎС‚СЂСѓРєС‚СѓСЂР° СЃС†РµРЅР°СЂРёСЏ: Р”РѕР±Р°РІР»РµРЅРёРµ С‚РѕРІР°СЂР° &amp#27;[90m# src/test/resources/features/rest.feature:25&amp#27;[0m
  &amp#27;[32m* &amp#27;[0m&amp#27;[32mРџРѕР»СѓС‡РµРЅР° С‚Р°Р±Р»РёС†Р°&amp#27;[0m                  &amp#27;[90m# framework.steps.RestStep.getTable()&amp#27;[0m
  &amp#27;[32mР—Р°С‚РµРј &amp#27;[0m&amp#27;[32mРґРѕР±Р°РІР»СЏСЋС‚СЃСЏ Р·РЅР°С‡РµРЅРёСЏ&amp#27;[0m          &amp#27;[90m# framework.steps.RestStep.addTable(java.util.Map<java.lang.String, java.lang.String>)&amp#27;[0m
    | field  | value      |
    | name   | Р¦СѓРєРёРЅРё256? |
    | type   | VEGETABLE  |
    | exotic | true       |
  &amp#27;[32m* &amp#27;[0m&amp#27;[32mРџРѕР»СѓС‡РµРЅР° С‚Р°Р±Р»РёС†Р°&amp#27;[0m                  &amp#27;[90m# framework.steps.RestStep.getTable()&amp#27;[0m
  &amp#27;[32m* &amp#27;[0m&amp#27;[32mРўР°Р±Р»РёС†Р° СЃРѕРґРµСЂР¶РёС‚ РїРѕР»СЏ&amp#27;[0m             &amp#27;[90m# framework.steps.RestStep.apiPage(java.util.Map<java.lang.String, java.lang.String>)&amp#27;[0m
    | field  | value      |
    | name   | Р¦СѓРєРёРЅРё256? |
    | type   | VEGETABLE  |
    | exotic | true       |
  &amp#27;[32m* &amp#27;[0m&amp#27;[32mРўР°Р±Р»РёС†Р° СЃР±СЂР°СЃС‹РІР°РµС‚СЃСЏ&amp#27;[0m              &amp#27;[90m# framework.steps.RestStep.tableReset()&amp#27;[0m
]]></system-out>
  </testcase>
  <testcase name="Example #1.2" classname="Примеры" time="0.234">
    <system-out><![CDATA[
@API
РЎС‚СЂСѓРєС‚СѓСЂР° СЃС†РµРЅР°СЂРёСЏ: Р”РѕР±Р°РІР»РµРЅРёРµ С‚РѕРІР°СЂР° &amp#27;[90m# src/test/resources/features/rest.feature:26&amp#27;[0m
  &amp#27;[32m* &amp#27;[0m&amp#27;[32mРџРѕР»СѓС‡РµРЅР° С‚Р°Р±Р»РёС†Р°&amp#27;[0m                  &amp#27;[90m# framework.steps.RestStep.getTable()&amp#27;[0m
  &amp#27;[32mР—Р°С‚РµРј &amp#27;[0m&amp#27;[32mРґРѕР±Р°РІР»СЏСЋС‚СЃСЏ Р·РЅР°С‡РµРЅРёСЏ&amp#27;[0m          &amp#27;[90m# framework.steps.RestStep.addTable(java.util.Map<java.lang.String, java.lang.String>)&amp#27;[0m
    | field  | value   |
    | name   | Р“СЂСѓС€Р°:СЃ |
    | type   | FRUIT   |
    | exotic | false   |
  &amp#27;[32m* &amp#27;[0m&amp#27;[32mРџРѕР»СѓС‡РµРЅР° С‚Р°Р±Р»РёС†Р°&amp#27;[0m                  &amp#27;[90m# framework.steps.RestStep.getTable()&amp#27;[0m
  &amp#27;[32m* &amp#27;[0m&amp#27;[32mРўР°Р±Р»РёС†Р° СЃРѕРґРµСЂР¶РёС‚ РїРѕР»СЏ&amp#27;[0m             &amp#27;[90m# framework.steps.RestStep.apiPage(java.util.Map<java.lang.String, java.lang.String>)&amp#27;[0m
    | field  | value   |
    | name   | Р“СЂСѓС€Р°:СЃ |
    | type   | FRUIT   |
    | exotic | false   |
  &amp#27;[32m* &amp#27;[0m&amp#27;[32mРўР°Р±Р»РёС†Р° СЃР±СЂР°СЃС‹РІР°РµС‚СЃСЏ&amp#27;[0m              &amp#27;[90m# framework.steps.RestStep.tableReset()&amp#27;[0m
]]></system-out>
  </testcase>
</testsuite>